{
  "RSpec": {
    "coverage": {
      "/Users/jenniferwem/Projects/tech-test-bank/spec/account_spec.rb": [
        1,
        null,
        1,
        2,
        null,
        1,
        1,
        1,
        null,
        null,
        null
      ],
      "/Users/jenniferwem/Projects/tech-test-bank/lib/account.rb": [
        1,
        null,
        1,
        null,
        1,
        1,
        null,
        null,
        null
      ],
      "/Users/jenniferwem/Projects/tech-test-bank/spec/deposit_spec.rb": [
        1,
        null,
        1,
        3,
        null,
        1,
        1,
        1,
        null,
        null,
        1,
        1,
        1,
        null,
        null,
        null
      ],
      "/Users/jenniferwem/Projects/tech-test-bank/lib/deposit.rb": [
        1,
        null,
        1,
        null,
        1,
        2,
        2,
        null,
        null,
        null
      ],
      "/Users/jenniferwem/Projects/tech-test-bank/spec/withdrawal_spec.rb": [
        1,
        null,
        1,
        3,
        null,
        1,
        1,
        1,
        null,
        null,
        1,
        1,
        1,
        null,
        null,
        null
      ],
      "/Users/jenniferwem/Projects/tech-test-bank/lib/withdrawal.rb": [
        1,
        null,
        1,
        null,
        1,
        2,
        2,
        null,
        null,
        null
      ]
    },
    "timestamp": 1499769244
  }
}
